<?xml version="1.0" encoding="UTF-8"?>
<!-- Generated by org.testng.reporters.JUnitXMLReporter -->
<testsuite ignored="0" hostname="DESKTOP-2ID5ETO" failures="0" tests="5" name="Smoke Tests" time="98.797" errors="0" timestamp="2025-08-30T15:00:41 IST">
  <testcase classname="com.demo.tests.ElementsTest" name="clickElementTab" time="0.743"/>
  <testcase classname="com.demo.tests.TextBoxTest" name="fillUserInfo" time="23.424"/>
  <testcase classname="com.demo.tests.CheckBoxTest" name="verifyCheckBoxSelection" time="4.972"/>
  <testcase classname="com.demo.tests.RadioButtonTest" name="clickRadioBtn" time="2.285"/>
  <testcase classname="com.demo.tests.RadioButtonTest" name="clickRadioBtn" time="2.772"/>
</testsuite> <!-- Smoke Tests -->
