<?xml version="1.0" encoding="UTF-8"?>
<!-- Generated by org.testng.reporters.JUnitXMLReporter -->
<testsuite ignored="0" hostname="DESKTOP-2ID5ETO" failures="0" tests="13" name="Smoke Tests" time="544.615" errors="0" timestamp="2025-10-04T10:38:24 IST">
  <testcase classname="com.demo.tests.ElementsTest" name="clickElementTab" time="2.66"/>
  <testcase classname="com.demo.tests.TextBoxTest" name="fillUserInfo" time="6.524"/>
  <testcase classname="com.demo.tests.CheckBoxTest" name="verifyCheckBoxSelection" time="4.179"/>
  <testcase classname="com.demo.tests.RadioButtonTest" name="clickRadioBtn" time="1.823"/>
  <testcase classname="com.demo.tests.RadioButtonTest" name="clickRadioBtn" time="6.704"/>
  <testcase classname="com.demo.tests.WebTableTest" name="addUserInfo" time="17.394"/>
  <testcase classname="com.demo.tests.WebTableTest" name="addUserInfo" time="20.859"/>
  <testcase classname="com.demo.tests.UploadDownloadPageTest" name="verifyUploadDownload" time="11.528"/>
  <testcase classname="com.demo.tests.ButtonTest" name="verifyButtonClickable" time="11.553"/>
  <testcase classname="com.demo.tests.FormTest" name="verifyUserDetails" time="25.143"/>
  <testcase classname="com.demo.tests.FrameTest" name="verifyFrameScenerio" time="14.126"/>
  <testcase classname="com.demo.tests.AlertButtonTest" name="verifyAlertButton" time="10.867"/>
  <testcase classname="com.demo.tests.LinksTest" name="verifyLinksMovable" time="39.663"/>
</testsuite> <!-- Smoke Tests -->
