<?xml version="1.0" encoding="UTF-8"?>
<!-- Generated by org.testng.reporters.JUnitReportReporter -->
<testsuite hostname="DESKTOP-2ID5ETO" failures="0" tests="2" name="com.demo.tests.RadioButtonTest" time="61.953" errors="0" timestamp="2025-10-05T09:56:19 IST" skipped="0">
  <testcase classname="com.demo.tests.RadioButtonTest" name="clickRadioBtn" time="46.066"/>
  <testcase classname="com.demo.tests.RadioButtonTest" name="clickRadioBtn" time="15.887"/>
</testsuite> <!-- com.demo.tests.RadioButtonTest -->
