<?xml version="1.0" encoding="UTF-8"?>
<!-- Generated by org.testng.reporters.JUnitReportReporter -->
<testsuite hostname="DESKTOP-2ID5ETO" failures="0" tests="2" name="com.demo.tests.RadioButtonTest" time="40.723" errors="0" timestamp="2025-09-13T13:54:29 IST" skipped="0">
  <testcase classname="com.demo.tests.RadioButtonTest" name="clickRadioBtn" time="26.760"/>
  <testcase classname="com.demo.tests.RadioButtonTest" name="clickRadioBtn" time="13.963"/>
</testsuite> <!-- com.demo.tests.RadioButtonTest -->
