<?xml version="1.0" encoding="UTF-8"?>
<testng-results ignored="0" total="1" passed="1" failed="0" skipped="0">
  <reporter-output>
  </reporter-output>
  <suite started-at="2025-10-30T21:40:58 IST" name="Default suite" finished-at="2025-10-30T21:41:26 IST" duration-ms="27771">
    <groups>
    </groups>
    <test started-at="2025-10-30T21:40:58 IST" name="Default test" finished-at="2025-10-30T21:41:26 IST" duration-ms="27771">
      <class name="com.demo.tests.SortableTest">
        <test-method is-config="true" signature="setup()[pri:0, instance:com.demo.tests.SortableTest@c730b35]" started-at="2025-10-30T21:40:58 IST" name="setup" finished-at="2025-10-30T21:41:04 IST" duration-ms="6082" status="PASS">
          <reporter-output>
          </reporter-output>
        </test-method> <!-- setup -->
        <test-method signature="verifyAllSortableAction()[pri:0, instance:com.demo.tests.SortableTest@c730b35]" started-at="2025-10-30T21:41:04 IST" name="verifyAllSortableAction" finished-at="2025-10-30T21:41:23 IST" duration-ms="18751" status="PASS">
          <reporter-output>
          </reporter-output>
        </test-method> <!-- verifyAllSortableAction -->
        <test-method is-config="true" signature="tearDown()[pri:0, instance:com.demo.tests.SortableTest@c730b35]" started-at="2025-10-30T21:41:23 IST" name="tearDown" finished-at="2025-10-30T21:41:26 IST" duration-ms="2791" status="PASS">
          <reporter-output>
          </reporter-output>
        </test-method> <!-- tearDown -->
      </class> <!-- com.demo.tests.SortableTest -->
    </test> <!-- Default test -->
  </suite> <!-- Default suite -->
</testng-results>
